<?xml version="1.0" encoding="UTF-8"?>
<!-- Generated by org.testng.reporters.JUnitReportReporter -->
<testsuite skipped="0" hostname="Ankit-PC" name="Test.LoginTest" tests="1" failures="0" timestamp="2020-02-12T23:46:23 IST" time="5.139" errors="0">
  <testcase name="LoginTest" time="5.139" classname="Test.LoginTest"/>
  <system-out/>
</testsuite> <!-- Test.LoginTest -->
